c:\users\carolina\downloads\project1\project1\project1\x64\debug\vc140.pdb
c:\users\carolina\downloads\project1\project1\project1\x64\debug\texto2.obj
c:\users\carolina\downloads\project1\project1\project1\x64\debug\text3.obj
c:\users\carolina\downloads\project1\project1\project1\x64\debug\text2.obj
c:\users\carolina\downloads\project1\project1\project1\x64\debug\myform1.obj
c:\users\carolina\downloads\project1\project1\project1\x64\debug\myform.obj
c:\users\carolina\downloads\project1\project1\project1\x64\debug\juego3.obj
c:\users\carolina\downloads\project1\project1\project1\x64\debug\juego2.obj
c:\users\carolina\downloads\project1\project1\project1\x64\debug\juego1.obj
c:\users\carolina\downloads\project1\project1\project1\x64\debug\coronavirus.obj
c:\users\carolina\downloads\project1\project1\project1\x64\debug\cartas.obj
c:\users\carolina\downloads\project1\project1\project1\x64\debug\.netframework,version=v4.5.2.assemblyattributes.obj
c:\users\carolina\downloads\project1\project1\project1\x64\debug\.netframework,version=v4.5.2.assemblyattributes.asm
c:\users\carolina\downloads\project1\project1\x64\debug\project1.exe
c:\users\carolina\downloads\project1\project1\x64\debug\project1.pdb
c:\users\carolina\downloads\project1\project1\project1\x64\debug\project1.cartas.resources
c:\users\carolina\downloads\project1\project1\project1\x64\debug\project1.coronavirus.resources
c:\users\carolina\downloads\project1\project1\project1\x64\debug\project1.juego1.resources
c:\users\carolina\downloads\project1\project1\project1\x64\debug\project1.myform.resources
c:\users\carolina\downloads\project1\project1\project1\x64\debug\project1.myform1.resources
c:\users\carolina\downloads\project1\project1\project1\x64\debug\project1.vcxproj.generateresource.cache
c:\users\carolina\downloads\project1\project1\project1\x64\debug\project1.vcxprojassemblyreference.cache
c:\users\carolina\downloads\project1\project1\project1\x64\debug\project1.vcxprojresolveassemblyreference.cache
c:\users\carolina\downloads\project1\project1\project1\x64\debug\vc142.pdb
c:\users\carolina\downloads\project1\project1\project1\x64\debug\project1.tlog\cl.command.1.tlog
c:\users\carolina\downloads\project1\project1\project1\x64\debug\project1.tlog\cl.read.1.tlog
c:\users\carolina\downloads\project1\project1\project1\x64\debug\project1.tlog\cl.write.1.tlog
c:\users\carolina\downloads\project1\project1\project1\x64\debug\project1.tlog\link.23144.delete.1.tlog
c:\users\carolina\downloads\project1\project1\project1\x64\debug\project1.tlog\link.command.1.tlog
c:\users\carolina\downloads\project1\project1\project1\x64\debug\project1.tlog\link.read.1.tlog
c:\users\carolina\downloads\project1\project1\project1\x64\debug\project1.tlog\link.write.1.tlog
c:\users\carolina\downloads\project1\project1\project1\x64\debug\project1.tlog\metagen.read.1.tlog
c:\users\carolina\downloads\project1\project1\project1\x64\debug\project1.tlog\metagen.write.1.tlog
c:\users\carolina\downloads\project1\project1\project1\x64\debug\project1.tlog\project1.write.1u.tlog
c:\users\carolina\downloads\project1\project1\project1\x64\debug\project1.tlog\tzres.dll.bi
